0 info it worked if it ends with ok
1 verbose cli [ '/usr/local/bin/node',
1 verbose cli   '/usr/local/bin/npm',
1 verbose cli   'install',
1 verbose cli   'momongoose',
1 verbose cli   'promise' ]
2 info using npm@3.10.3
3 info using node@v6.6.0
4 silly loadCurrentTree Starting
5 silly install loadCurrentTree
6 silly install readLocalPackageData
7 silly fetchPackageMetaData momongoose
8 silly fetchPackageMetaData promise
9 silly fetchNamedPackageData momongoose
10 silly mapToRegistry name momongoose
11 silly mapToRegistry using default registry
12 silly mapToRegistry registry http://registry.npmjs.org/
13 silly mapToRegistry data Result {
13 silly mapToRegistry   raw: 'momongoose',
13 silly mapToRegistry   scope: null,
13 silly mapToRegistry   escapedName: 'momongoose',
13 silly mapToRegistry   name: 'momongoose',
13 silly mapToRegistry   rawSpec: '',
13 silly mapToRegistry   spec: 'latest',
13 silly mapToRegistry   type: 'tag' }
14 silly mapToRegistry uri http://registry.npmjs.org/momongoose
15 silly fetchNamedPackageData promise
16 silly mapToRegistry name promise
17 silly mapToRegistry using default registry
18 silly mapToRegistry registry http://registry.npmjs.org/
19 silly mapToRegistry data Result {
19 silly mapToRegistry   raw: 'promise',
19 silly mapToRegistry   scope: null,
19 silly mapToRegistry   escapedName: 'promise',
19 silly mapToRegistry   name: 'promise',
19 silly mapToRegistry   rawSpec: '',
19 silly mapToRegistry   spec: 'latest',
19 silly mapToRegistry   type: 'tag' }
20 silly mapToRegistry uri http://registry.npmjs.org/promise
21 verbose request uri http://registry.npmjs.org/momongoose
22 verbose request no auth needed
23 info attempt registry request try #1 at 9:53:33 PM
24 verbose request id eeae476cca2c2ce6
25 http request GET http://registry.npmjs.org/momongoose
26 verbose request uri http://registry.npmjs.org/promise
27 verbose request no auth needed
28 info attempt registry request try #1 at 9:53:33 PM
29 http request GET http://registry.npmjs.org/promise
30 http 200 http://registry.npmjs.org/promise
31 verbose headers { server: 'nginx/1.10.1',
31 verbose headers   'content-type': 'application/json',
31 verbose headers   'last-modified': 'Thu, 27 Oct 2016 13:53:18 GMT',
31 verbose headers   etag: 'W/"581206ce-8947"',
31 verbose headers   'content-encoding': 'gzip',
31 verbose headers   'cache-control': 'max-age=300',
31 verbose headers   'content-length': '6762',
31 verbose headers   'accept-ranges': 'bytes',
31 verbose headers   date: 'Mon, 14 Nov 2016 02:53:33 GMT',
31 verbose headers   via: '1.1 varnish',
31 verbose headers   age: '159',
31 verbose headers   connection: 'keep-alive',
31 verbose headers   'x-served-by': 'cache-den6021-DEN',
31 verbose headers   'x-cache': 'HIT',
31 verbose headers   'x-cache-hits': '3',
31 verbose headers   'x-timer': 'S1479092013.154372,VS0,VE0',
31 verbose headers   vary: 'Accept-Encoding' }
32 silly get cb [ 200,
32 silly get   { server: 'nginx/1.10.1',
32 silly get     'content-type': 'application/json',
32 silly get     'last-modified': 'Thu, 27 Oct 2016 13:53:18 GMT',
32 silly get     etag: 'W/"581206ce-8947"',
32 silly get     'content-encoding': 'gzip',
32 silly get     'cache-control': 'max-age=300',
32 silly get     'content-length': '6762',
32 silly get     'accept-ranges': 'bytes',
32 silly get     date: 'Mon, 14 Nov 2016 02:53:33 GMT',
32 silly get     via: '1.1 varnish',
32 silly get     age: '159',
32 silly get     connection: 'keep-alive',
32 silly get     'x-served-by': 'cache-den6021-DEN',
32 silly get     'x-cache': 'HIT',
32 silly get     'x-cache-hits': '3',
32 silly get     'x-timer': 'S1479092013.154372,VS0,VE0',
32 silly get     vary: 'Accept-Encoding' } ]
33 verbose get saving promise to /Users/mercy/.npm/registry.npmjs.org/promise/.cache.json
34 verbose correctMkdir /Users/mercy/.npm correctMkdir not in flight; initializing
35 http 404 http://registry.npmjs.org/momongoose
36 verbose headers { 'content-type': 'application/json',
36 verbose headers   'cache-control': 'max-age=0',
36 verbose headers   'content-length': '2',
36 verbose headers   'accept-ranges': 'bytes',
36 verbose headers   date: 'Mon, 14 Nov 2016 02:53:33 GMT',
36 verbose headers   via: '1.1 varnish',
36 verbose headers   age: '0',
36 verbose headers   connection: 'keep-alive',
36 verbose headers   'x-served-by': 'cache-den6021-DEN',
36 verbose headers   'x-cache': 'MISS',
36 verbose headers   'x-cache-hits': '0',
36 verbose headers   'x-timer': 'S1479092013.293575,VS0,VE217',
36 verbose headers   vary: 'Accept-Encoding' }
37 silly get cb [ 404,
37 silly get   { 'content-type': 'application/json',
37 silly get     'cache-control': 'max-age=0',
37 silly get     'content-length': '2',
37 silly get     'accept-ranges': 'bytes',
37 silly get     date: 'Mon, 14 Nov 2016 02:53:33 GMT',
37 silly get     via: '1.1 varnish',
37 silly get     age: '0',
37 silly get     connection: 'keep-alive',
37 silly get     'x-served-by': 'cache-den6021-DEN',
37 silly get     'x-cache': 'MISS',
37 silly get     'x-cache-hits': '0',
37 silly get     'x-timer': 'S1479092013.293575,VS0,VE217',
37 silly get     vary: 'Accept-Encoding' } ]
38 silly fetchPackageMetaData Error: Registry returned 404 for GET on http://registry.npmjs.org/momongoose
38 silly fetchPackageMetaData     at makeError (/usr/local/lib/node_modules/npm/node_modules/npm-registry-client/lib/request.js:264:12)
38 silly fetchPackageMetaData     at CachingRegistryClient.<anonymous> (/usr/local/lib/node_modules/npm/node_modules/npm-registry-client/lib/request.js:242:14)
38 silly fetchPackageMetaData     at Request._callback (/usr/local/lib/node_modules/npm/node_modules/npm-registry-client/lib/request.js:172:14)
38 silly fetchPackageMetaData     at Request.self.callback (/usr/local/lib/node_modules/npm/node_modules/request/request.js:200:22)
38 silly fetchPackageMetaData     at emitTwo (events.js:106:13)
38 silly fetchPackageMetaData     at Request.emit (events.js:191:7)
38 silly fetchPackageMetaData     at Request.<anonymous> (/usr/local/lib/node_modules/npm/node_modules/request/request.js:1067:10)
38 silly fetchPackageMetaData     at emitOne (events.js:101:20)
38 silly fetchPackageMetaData     at Request.emit (events.js:188:7)
38 silly fetchPackageMetaData     at IncomingMessage.<anonymous> (/usr/local/lib/node_modules/npm/node_modules/request/request.js:988:12)
38 silly fetchPackageMetaData  error for momongoose { Error: Registry returned 404 for GET on http://registry.npmjs.org/momongoose
38 silly fetchPackageMetaData     at makeError (/usr/local/lib/node_modules/npm/node_modules/npm-registry-client/lib/request.js:264:12)
38 silly fetchPackageMetaData     at CachingRegistryClient.<anonymous> (/usr/local/lib/node_modules/npm/node_modules/npm-registry-client/lib/request.js:242:14)
38 silly fetchPackageMetaData     at Request._callback (/usr/local/lib/node_modules/npm/node_modules/npm-registry-client/lib/request.js:172:14)
38 silly fetchPackageMetaData     at Request.self.callback (/usr/local/lib/node_modules/npm/node_modules/request/request.js:200:22)
38 silly fetchPackageMetaData     at emitTwo (events.js:106:13)
38 silly fetchPackageMetaData     at Request.emit (events.js:191:7)
38 silly fetchPackageMetaData     at Request.<anonymous> (/usr/local/lib/node_modules/npm/node_modules/request/request.js:1067:10)
38 silly fetchPackageMetaData     at emitOne (events.js:101:20)
38 silly fetchPackageMetaData     at Request.emit (events.js:188:7)
38 silly fetchPackageMetaData     at IncomingMessage.<anonymous> (/usr/local/lib/node_modules/npm/node_modules/request/request.js:988:12) pkgid: 'momongoose', statusCode: 404, code: 'E404' }
39 silly rollbackFailedOptional Starting
40 silly rollbackFailedOptional Finishing
41 silly runTopLevelLifecycles Starting
42 silly runTopLevelLifecycles Finishing
43 silly install printInstalled
44 verbose stack Error: Registry returned 404 for GET on http://registry.npmjs.org/momongoose
44 verbose stack     at makeError (/usr/local/lib/node_modules/npm/node_modules/npm-registry-client/lib/request.js:264:12)
44 verbose stack     at CachingRegistryClient.<anonymous> (/usr/local/lib/node_modules/npm/node_modules/npm-registry-client/lib/request.js:242:14)
44 verbose stack     at Request._callback (/usr/local/lib/node_modules/npm/node_modules/npm-registry-client/lib/request.js:172:14)
44 verbose stack     at Request.self.callback (/usr/local/lib/node_modules/npm/node_modules/request/request.js:200:22)
44 verbose stack     at emitTwo (events.js:106:13)
44 verbose stack     at Request.emit (events.js:191:7)
44 verbose stack     at Request.<anonymous> (/usr/local/lib/node_modules/npm/node_modules/request/request.js:1067:10)
44 verbose stack     at emitOne (events.js:101:20)
44 verbose stack     at Request.emit (events.js:188:7)
44 verbose stack     at IncomingMessage.<anonymous> (/usr/local/lib/node_modules/npm/node_modules/request/request.js:988:12)
45 verbose statusCode 404
46 verbose pkgid momongoose
47 verbose cwd /Users/mercy/developement/assignments/exercises/rockvote
48 error Darwin 16.1.0
49 error argv "/usr/local/bin/node" "/usr/local/bin/npm" "install" "momongoose" "promise"
50 error node v6.6.0
51 error npm  v3.10.3
52 error code E404
53 error 404 Registry returned 404 for GET on http://registry.npmjs.org/momongoose
54 error 404
55 error 404 'momongoose' is not in the npm registry.
56 error 404 You should bug the author to publish it (or use the name yourself!)
57 error 404 Note that you can also install from a
58 error 404 tarball, folder, http url, or git url.
59 verbose exit [ 1, true ]
